<?xml version="1.0" encoding="UTF-8" ?>
<testsuite tests="5" failures="0" name="cn.chamatou.account.test.RSATest" time="0.361" errors="0" skipped="0">
  <properties>
[...]
</properties>
  <testcase classname="cn.chamatou.account.test.RSATest" name="getRSAKey" time="0.361"/>
  <testcase classname="cn.chamatou.account.test.RSATest" name="buildPk" time="0"/>
  <testcase classname="cn.chamatou.account.test.RSATest" name="md5" time="0"/>
  <testcase classname="cn.chamatou.account.test.RSATest" name="lruCacheTest" time="0"/>
  <testcase classname="cn.chamatou.account.test.RSATest" name="getMaxMember" time="0"/>
</testsuite>