<?xml version="1.0" encoding="UTF-8" ?>
<testsuite tests="4" failures="0" name="cn.chamatou.account.test.AccountTest" time="5.645" errors="1" skipped="0">
  <properties>
[...]
</properties>
  <testcase classname="cn.chamatou.account.test.AccountTest" name="testRepl" time="5.301"/>
  <testcase classname="cn.chamatou.account.test.AccountTest" name="removeRoles" time="0.25"/>
  <testcase classname="cn.chamatou.account.test.AccountTest" name="testInsert" time="0.016">
    <error message="Account exist." type="cn.chamatou.account.exception.AccountException">cn.chamatou.account.exception.AccountException: Account exist.
	at cn.chamatou.account.service.impl.AccountServiceImpl.regist(AccountServiceImpl.java:37)
	at cn.chamatou.account.service.impl.AccountServiceImpl.regist(AccountServiceImpl.java:31)
	at sun.reflect.NativeMethodAccessorImpl.invoke0(Native Method)
	at sun.reflect.NativeMethodAccessorImpl.invoke(NativeMethodAccessorImpl.java:62)
	at sun.reflect.DelegatingMethodAccessorImpl.invoke(DelegatingMethodAccessorImpl.java:43)
	at java.lang.reflect.Method.invoke(Method.java:497)
	at org.springframework.aop.support.AopUtils.invokeJoinpointUsingReflection(AopUtils.java:317)
	at org.springframework.aop.framework.ReflectiveMethodInvocation.invokeJoinpoint(ReflectiveMethodInvocation.java:190)
	at org.springframework.aop.framework.ReflectiveMethodInvocation.proceed(ReflectiveMethodInvocation.java:157)
	at org.springframework.transaction.interceptor.TransactionInterceptor$1.proceedWithInvocation(TransactionInterceptor.java:99)
	at org.springframework.transaction.interceptor.TransactionAspectSupport.invokeWithinTransaction(TransactionAspectSupport.java:281)
	at org.springframework.transaction.interceptor.TransactionInterceptor.invoke(TransactionInterceptor.java:96)
	at org.springframework.aop.framework.ReflectiveMethodInvocation.proceed(ReflectiveMethodInvocation.java:179)
	at org.springframework.aop.framework.JdkDynamicAopProxy.invoke(JdkDynamicAopProxy.java:207)
	at com.sun.proxy.$Proxy26.regist(Unknown Source)
	at cn.chamatou.account.test.AccountTest.testInsert(AccountTest.java:33)
	at sun.reflect.NativeMethodAccessorImpl.invoke0(Native Method)
	at sun.reflect.NativeMethodAccessorImpl.invoke(NativeMethodAccessorImpl.java:62)
	at sun.reflect.DelegatingMethodAccessorImpl.invoke(DelegatingMethodAccessorImpl.java:43)
	at java.lang.reflect.Method.invoke(Method.java:497)
	at org.junit.runners.model.FrameworkMethod$1.runReflectiveCall(FrameworkMethod.java:44)
	at org.junit.internal.runners.model.ReflectiveCallable.run(ReflectiveCallable.java:15)
	at org.junit.runners.model.FrameworkMethod.invokeExplosively(FrameworkMethod.java:41)
	at org.junit.internal.runners.statements.InvokeMethod.evaluate(InvokeMethod.java:20)
	at org.junit.internal.runners.statements.RunBefores.evaluate(RunBefores.java:28)
	at org.junit.runners.BlockJUnit4ClassRunner.runChild(BlockJUnit4ClassRunner.java:76)
	at org.junit.runners.BlockJUnit4ClassRunner.runChild(BlockJUnit4ClassRunner.java:50)
	at org.junit.runners.ParentRunner$3.run(ParentRunner.java:193)
	at org.junit.runners.ParentRunner$1.schedule(ParentRunner.java:52)
	at org.junit.runners.ParentRunner.runChildren(ParentRunner.java:191)
	at org.junit.runners.ParentRunner.access$000(ParentRunner.java:42)
	at org.junit.runners.ParentRunner$2.evaluate(ParentRunner.java:184)
	at org.junit.runners.ParentRunner.run(ParentRunner.java:236)
	at org.apache.maven.surefire.junit4.JUnit4Provider.execute(JUnit4Provider.java:252)
	at org.apache.maven.surefire.junit4.JUnit4Provider.executeTestSet(JUnit4Provider.java:141)
	at org.apache.maven.surefire.junit4.JUnit4Provider.invoke(JUnit4Provider.java:112)
	at sun.reflect.NativeMethodAccessorImpl.invoke0(Native Method)
	at sun.reflect.NativeMethodAccessorImpl.invoke(NativeMethodAccessorImpl.java:62)
	at sun.reflect.DelegatingMethodAccessorImpl.invoke(DelegatingMethodAccessorImpl.java:43)
	at java.lang.reflect.Method.invoke(Method.java:497)
	at org.apache.maven.surefire.util.ReflectionUtils.invokeMethodWithArray(ReflectionUtils.java:189)
	at org.apache.maven.surefire.booter.ProviderFactory$ProviderProxy.invoke(ProviderFactory.java:165)
	at org.apache.maven.surefire.booter.ProviderFactory.invokeProvider(ProviderFactory.java:85)
	at org.apache.maven.surefire.booter.ForkedBooter.runSuitesInProcess(ForkedBooter.java:115)
	at org.apache.maven.surefire.booter.ForkedBooter.main(ForkedBooter.java:75)
</error>
    <system-out>Hibernate: 
    select
        account0_.account as account1_1_0_,
        account0_.accountRole as accountR2_1_0_,
        account0_.alias as alias3_1_0_,
        account0_.cash as cash4_1_0_,
        account0_.couponNum as couponNu5_1_0_,
        account0_.email as email6_1_0_,
        account0_.experience as experien7_1_0_,
        account0_.extractMoney as extractM8_1_0_,
        account0_.headImage as headImag9_1_0_,
        account0_.ipaddr as ipaddr10_1_0_,
        account0_.password as passwor11_1_0_,
        account0_.phone as phone12_1_0_,
        account0_.qcode as qcode13_1_0_,
        account0_.recommender as recomme18_1_0_,
        account0_.recordTime as recordT14_1_0_,
        account0_.registTime as registT15_1_0_,
        account0_.sex as sex16_1_0_,
        account0_.virtualMoney as virtual17_1_0_ 
    from
        account_note account0_ 
    where
        account0_.account=?
</system-out>
  </testcase>
  <testcase classname="cn.chamatou.account.test.AccountTest" name="addRoles" time="0.078"/>
</testsuite>